2024-07-18 17:06:03 [32minfo[39m: Escuchando en http://localhost:8080
2024-07-18 17:07:08 [32minfo[39m: Escuchando en http://localhost:8080
2024-07-18 17:07:38 [32minfo[39m: Escuchando en http://localhost:8080
2024-07-18 17:08:32 [32minfo[39m: Escuchando en http://localhost:8080
2024-07-24 13:50:40 [32minfo[39m: Escuchando en http://localhost:8080
2024-07-24 13:52:45 [32minfo[39m: Escuchando en http://localhost:8080
2024-07-24 13:54:11 [32minfo[39m: Escuchando en http://localhost:8080
2024-07-24 20:05:58 [32minfo[39m: Escuchando en http://localhost:8080
2024-07-29 09:21:10 [32minfo[39m: Escuchando en http://localhost:8080
2024-07-29 09:26:50 [32minfo[39m: Escuchando en http://localhost:8080
2024-08-05 11:20:02 [32minfo[39m: Escuchando en http://localhost:8080
2024-08-05 11:21:30 [32minfo[39m: Carrito creado:
2024-08-05 11:22:08 [32minfo[39m: Producto agregado al carrito 66b0dfea6bd0c7397250dc51
2024-08-05 11:22:17 [32minfo[39m: Producto agregado al carrito 66b0dfea6bd0c7397250dc51
2024-08-05 11:22:27 [32minfo[39m: Compra completada con éxito.
2024-08-05 11:22:40 [32minfo[39m: Producto 6629029d6c71b71da07a5fe4 eliminado del carrito 66b0dfea6bd0c7397250dc51
2024-08-05 11:28:49 [32minfo[39m: Escuchando en http://localhost:8080
2024-08-06 11:12:30 [32minfo[39m: Escuchando en http://localhost:80802024-08-06 17:36:45 [32minfo[39m: Escuchando en http://localhost:8080
2024-08-06 17:37:12 [32minfo[39m: Escuchando en http://localhost:8080
2024-08-06 17:37:38 [32minfo[39m: Escuchando en http://localhost:8080
2024-08-06 17:40:46 [32minfo[39m: Escuchando en http://localhost:8080
2024-08-08 11:49:16 [32minfo[39m: Escuchando en http://localhost:8080
2024-08-08 11:53:43 [32minfo[39m: Escuchando en http://localhost:8080
2024-08-08 11:56:43 [32minfo[39m: Escuchando en http://localhost:8080
2024-08-08 12:01:43 [32minfo[39m: Escuchando en http://localhost:8080
2024-08-08 12:01:45 [32minfo[39m: Carrito creado:
2024-08-08 16:23:19 [32minfo[39m: Escuchando en http://localhost:8080
2024-08-08 16:24:09 [32minfo[39m: Escuchando en http://localhost:8080
2024-08-08 16:39:45 [32minfo[39m: Escuchando en http://localhost:8080
2024-08-08 16:42:22 [32minfo[39m: Escuchando en http://localhost:8080
2024-08-23 07:59:43 [32minfo[39m: Escuchando en http://localhost:8080
2024-08-23 08:07:30 [32minfo[39m: Carrito creado:
2024-08-23 09:20:41 [32minfo[39m: Escuchando en http://localhost:8080
2024-08-23 09:21:10 [32minfo[39m: Escuchando en http://localhost:8080
2024-08-23 09:27:10 [32minfo[39m: Carrito creado:
2024-08-23 09:44:58 [32minfo[39m: Escuchando en http://localhost:8080
2024-08-23 09:51:08 [32minfo[39m: Escuchando en http://localhost:8080
2024-08-23 09:52:07 [32minfo[39m: Escuchando en http://localhost:8080
2024-08-23 10:02:54 [32minfo[39m: Escuchando en http://localhost:8080
2024-08-23 10:07:01 [32minfo[39m: Carrito creado:
2024-08-23 10:20:26 [32minfo[39m: Escuchando en http://localhost:8080
2024-08-23 10:21:44 [32minfo[39m: Carrito creado:
2024-08-23 10:23:39 [32minfo[39m: Escuchando en http://localhost:8080
2024-08-23 10:59:53 [32minfo[39m: Escuchando en http://localhost:8080
2024-08-23 11:00:43 [32minfo[39m: Escuchando en http://localhost:8080
